This is XeTeX, Version 3.141592653-2.6-0.999995 (MiKTeX 23.5) (preloaded format=xelatex 2023.5.25)  7 OCT 2023 21:18
entering extended mode
 restricted \write18 enabled.
 %&-line parsing enabled.
**"./Database laboratory #2.tex"
(Database laboratory #2.tex
LaTeX2e <2022-11-01> patch level 1
L3 programming layer <2023-05-15>
(C:\Users\ru6ik\AppData\Local\Programs\MiKTeX\tex/latex/base\article.cls
Document Class: article 2022/07/02 v1.4n Standard LaTeX document class
(C:\Users\ru6ik\AppData\Local\Programs\MiKTeX\tex/latex/base\size12.clo
File: size12.clo 2022/07/02 v1.4n Standard LaTeX file (size option)
)
\c@part=\count181
\c@section=\count182
\c@subsection=\count183
\c@subsubsection=\count184
\c@paragraph=\count185
\c@subparagraph=\count186
\c@figure=\count187
\c@table=\count188
\abovecaptionskip=\skip48
\belowcaptionskip=\skip49
\bibindent=\dimen140
)
(C:\Users\ru6ik\AppData\Local\Programs\MiKTeX\tex/latex/listings\listings.sty
(C:\Users\ru6ik\AppData\Local\Programs\MiKTeX\tex/latex/graphics\keyval.sty
Package: keyval 2022/05/29 v1.15 key=value parser (DPC)
\KV@toks@=\toks16
)
\lst@mode=\count189
\lst@gtempboxa=\box51
\lst@token=\toks17
\lst@length=\count190
\lst@currlwidth=\dimen141
\lst@column=\count191
\lst@pos=\count192
\lst@lostspace=\dimen142
\lst@width=\dimen143
\lst@newlines=\count193
\lst@lineno=\count194
\lst@maxwidth=\dimen144

(C:\Users\ru6ik\AppData\Local\Programs\MiKTeX\tex/latex/listings\lstmisc.sty
File: lstmisc.sty 2023/02/27 1.9 (Carsten Heinz)
\c@lstnumber=\count195
\lst@skipnumbers=\count196
\lst@framebox=\box52
)
(C:\Users\ru6ik\AppData\Local\Programs\MiKTeX\tex/latex/listings\listings.cfg
File: listings.cfg 2023/02/27 1.9 listings configuration
))
Package: listings 2023/02/27 1.9 (Carsten Heinz)
(C:\Users\ru6ik\AppData\Local\Programs\MiKTeX\tex/latex/geometry\geometry.sty
Package: geometry 2020/01/02 v5.9 Page Geometry

(C:\Users\ru6ik\AppData\Local\Programs\MiKTeX\tex/generic/iftex\ifvtex.sty
Package: ifvtex 2019/10/25 v1.7 ifvtex legacy package. Use iftex instead.

(C:\Users\ru6ik\AppData\Local\Programs\MiKTeX\tex/generic/iftex\iftex.sty
Package: iftex 2022/02/03 v1.0f TeX engine tests
))
\Gm@cnth=\count197
\Gm@cntv=\count198
\c@Gm@tempcnt=\count199
\Gm@bindingoffset=\dimen145
\Gm@wd@mp=\dimen146
\Gm@odd@mp=\dimen147
\Gm@even@mp=\dimen148
\Gm@layoutwidth=\dimen149
\Gm@layoutheight=\dimen150
\Gm@layouthoffset=\dimen151
\Gm@layoutvoffset=\dimen152
\Gm@dimlist=\toks18

(C:\Users\ru6ik\AppData\Local\Programs\MiKTeX\tex/latex/geometry\geometry.cfg))
(C:\Users\ru6ik\AppData\Local\Programs\MiKTeX\tex/latex/graphics\graphicx.sty
Package: graphicx 2021/09/16 v1.2d Enhanced LaTeX Graphics (DPC,SPQR)

(C:\Users\ru6ik\AppData\Local\Programs\MiKTeX\tex/latex/graphics\graphics.sty
Package: graphics 2022/03/10 v1.4e Standard LaTeX Graphics (DPC,SPQR)

(C:\Users\ru6ik\AppData\Local\Programs\MiKTeX\tex/latex/graphics\trig.sty
Package: trig 2021/08/11 v1.11 sin cos tan (DPC)
)
(C:\Users\ru6ik\AppData\Local\Programs\MiKTeX\tex/latex/graphics-cfg\graphics.c
fg
File: graphics.cfg 2016/06/04 v1.11 sample graphics configuration
)
Package graphics Info: Driver file: xetex.def on input line 107.

(C:\Users\ru6ik\AppData\Local\Programs\MiKTeX\tex/latex/graphics-def\xetex.def
File: xetex.def 2022/09/22 v5.0n Graphics/color driver for xetex
))
\Gin@req@height=\dimen153
\Gin@req@width=\dimen154
)
(C:\Users\ru6ik\AppData\Local\Programs\MiKTeX\tex/latex/fancyhdr\fancyhdr.sty
Package: fancyhdr 2022/11/09 v4.1 Extensive control of page headers and footers

\f@nch@headwidth=\skip50
\f@nch@O@elh=\skip51
\f@nch@O@erh=\skip52
\f@nch@O@olh=\skip53
\f@nch@O@orh=\skip54
\f@nch@O@elf=\skip55
\f@nch@O@erf=\skip56
\f@nch@O@olf=\skip57
\f@nch@O@orf=\skip58
)
(C:\Users\ru6ik\AppData\Local\Programs\MiKTeX\tex/latex/base\inputenc.sty
Package: inputenc 2021/02/14 v1.3d Input encoding file
\inpenc@prehook=\toks19
\inpenc@posthook=\toks20


Package inputenc Warning: inputenc package ignored with utf8 based engines.

) (C:\Users\ru6ik\AppData\Local\Programs\MiKTeX\tex/latex/base\fontenc.sty
Package: fontenc 2021/04/29 v2.0v Standard LaTeX package

(C:\Users\ru6ik\AppData\Local\Programs\MiKTeX\tex/latex/cyrillic\t2aenc.def
File: t2aenc.def 2022/06/11 v1.0j Cyrillic encoding definition file
)
LaTeX Font Info:    Trying to load font information for T2A+lmr on input line 1
12.
LaTeX Font Info:    No file T2Almr.fd. on input line 112.
LaTeX Font Info:    Trying to load font information for T2A+cmr on input line 1
12.

(C:\Users\ru6ik\AppData\Local\Programs\MiKTeX\tex/latex/cyrillic\t2acmr.fd
File: t2acmr.fd 2001/08/11 v1.0a Computer Modern Cyrillic font definitions
)

LaTeX Font Warning: Font shape `T2A/lmr/m/n' undefined
(Font)              using `T2A/cmr/m/n' instead on input line 112.

) (C:\Users\ru6ik\AppData\Local\Programs\MiKTeX\tex/generic/babel\babel.sty
Package: babel 2023/05/11 v3.89 The Babel package
\babel@savecnt=\count266
\U@D=\dimen155
\l@unhyphenated=\language79

(C:\Users\ru6ik\AppData\Local\Programs\MiKTeX\tex/generic/babel\xebabel.def)
\bbl@readstream=\read2
\bbl@dirlevel=\count267

*************************************
* Local config file bblopts.cfg used
*
(C:\Users\ru6ik\AppData\Local\Programs\MiKTeX\tex/latex/arabi\bblopts.cfg
File: bblopts.cfg 2005/09/08 v0.1 add Arabic and Farsi to "declared" options of
 babel
)
(C:\Users\ru6ik\AppData\Local\Programs\MiKTeX\tex/latex/babel-russian\russianb.
ldf
File: russianb.ldf 2021/01/10 1.3m Russian support for the Babel system
Language: russian 2020/09/09 1.3k Russian support for the Babel system
Package babel Info: Making " an active character on input line 124.
Package babel Info: Default for \cyrdash is provided on input line 163.
))
(C:\Users\ru6ik\AppData\Local\Programs\MiKTeX\tex/generic/babel/locale/ru\babel
-russian.tex
Package babel Info: Importing font and identification data for russian
(babel)             from babel-ru.ini. Reported on input line 11.
)
(C:\Users\ru6ik\AppData\Local\Programs\MiKTeX\tex/latex/graphics\color.sty
Package: color 2022/01/06 v1.3d Standard LaTeX Color (DPC)

(C:\Users\ru6ik\AppData\Local\Programs\MiKTeX\tex/latex/graphics-cfg\color.cfg
File: color.cfg 2016/01/02 v1.6 sample color configuration
)
Package color Info: Driver file: xetex.def on input line 149.
(C:\Users\ru6ik\AppData\Local\Programs\MiKTeX\tex/latex/graphics\mathcolor.ltx)
) (C:\Users\ru6ik\AppData\Local\Programs\MiKTeX\tex/latex/listings\lstlang1.sty
File: lstlang1.sty 2023/02/27 1.9 listings language file
)

Package geometry Warning: Over-specification in `v'-direction.
    `height' (731.23582pt) is ignored.


(C:\Users\ru6ik\AppData\Local\Programs\MiKTeX\tex/latex/l3backend\l3backend-xet
ex.def
File: l3backend-xetex.def 2023-04-19 L3 backend support: XeTeX
\g__graphics_track_int=\count268
\l__pdf_internal_box=\box53
\g__pdf_backend_object_int=\count269
\g__pdf_backend_annotation_int=\count270
\g__pdf_backend_link_int=\count271
) (Database laboratory #2.aux)
\openout1 = `"Database laboratory #2.aux"'.

LaTeX Font Info:    Checking defaults for OML/cmm/m/it on input line 53.
LaTeX Font Info:    ... okay on input line 53.
LaTeX Font Info:    Checking defaults for OMS/cmsy/m/n on input line 53.
LaTeX Font Info:    ... okay on input line 53.
LaTeX Font Info:    Checking defaults for OT1/cmr/m/n on input line 53.
LaTeX Font Info:    ... okay on input line 53.
LaTeX Font Info:    Checking defaults for T1/cmr/m/n on input line 53.
LaTeX Font Info:    ... okay on input line 53.
LaTeX Font Info:    Checking defaults for TS1/cmr/m/n on input line 53.
LaTeX Font Info:    Trying to load font information for TS1+cmr on input line 5
3.

(C:\Users\ru6ik\AppData\Local\Programs\MiKTeX\tex/latex/base\ts1cmr.fd
File: ts1cmr.fd 2022/07/10 v2.5l Standard LaTeX font definitions
)
LaTeX Font Info:    ... okay on input line 53.
LaTeX Font Info:    Checking defaults for TU/lmr/m/n on input line 53.
LaTeX Font Info:    ... okay on input line 53.
LaTeX Font Info:    Checking defaults for OMX/cmex/m/n on input line 53.
LaTeX Font Info:    ... okay on input line 53.
LaTeX Font Info:    Checking defaults for U/cmr/m/n on input line 53.
LaTeX Font Info:    ... okay on input line 53.
LaTeX Font Info:    Checking defaults for T2A/cmr/m/n on input line 53.
LaTeX Font Info:    ... okay on input line 53.
\c@lstlisting=\count272

*geometry* driver: auto-detecting
*geometry* detected driver: xetex
*geometry* verbose mode - [ preamble ] result:
* driver: xetex
* paper: a4paper
* layout: <same size as paper>
* layoutoffset:(h,v)=(0.0pt,0.0pt)
* modes: 
* h-part:(L,W,R)=(56.9055pt, 483.69684pt, 56.90553pt)
* v-part:(T,H,B)=(85.35826pt, 688.5567pt, 71.13188pt)
* \paperwidth=597.50787pt
* \paperheight=845.04684pt
* \textwidth=483.69684pt
* \textheight=688.5567pt
* \oddsidemargin=-15.36449pt
* \evensidemargin=-15.36449pt
* \topmargin=-23.91173pt
* \headheight=12.0pt
* \headsep=25.0pt
* \topskip=12.0pt
* \footskip=30.0pt
* \marginparwidth=44.0pt
* \marginparsep=10.0pt
* \columnsep=10.0pt
* \skip\footins=10.8pt plus 4.0pt minus 2.0pt
* \hoffset=0.0pt
* \voffset=0.0pt
* \mag=1000
* \@twocolumnfalse
* \@twosidefalse
* \@mparswitchfalse
* \@reversemarginfalse
* (1in=72.27pt=25.4mm, 1cm=28.453pt)

LaTeX Info: Redefining \th on input line 53.
LaTeX Font Info:    External font `cmex10' loaded for size
(Font)              <12> on input line 56.
LaTeX Font Info:    External font `cmex10' loaded for size
(Font)              <8> on input line 56.
LaTeX Font Info:    External font `cmex10' loaded for size
(Font)              <6> on input line 56.
File: ./images/LogoITMO.jpg Graphic file (type bmp)
<./images/LogoITMO.jpg>
Missing character: There is no В in font larm1200!
Missing character: There is no а in font larm1200!
Missing character: There is no р in font larm1200!
Missing character: There is no и in font larm1200!
Missing character: There is no а in font larm1200!
Missing character: There is no н in font larm1200!
Missing character: There is no т in font larm1200!
Missing character: There is no № in font larm1200!
Missing character: There is no Л in font larm1200!
Missing character: There is no а in font larm1200!
Missing character: There is no б in font larm1200!
Missing character: There is no о in font larm1200!
Missing character: There is no р in font larm1200!
Missing character: There is no а in font larm1200!
Missing character: There is no т in font larm1200!
Missing character: There is no о in font larm1200!
Missing character: There is no р in font larm1200!
Missing character: There is no н in font larm1200!
Missing character: There is no а in font larm1200!
Missing character: There is no я in font larm1200!
Missing character: There is no р in font larm1200!
Missing character: There is no а in font larm1200!
Missing character: There is no б in font larm1200!
Missing character: There is no о in font larm1200!
Missing character: There is no т in font larm1200!
Missing character: There is no а in font larm1200!
Missing character: There is no № in font larm1200!
Missing character: There is no П in font larm1200!
Missing character: There is no о in font larm1200!
Missing character: There is no д in font larm1200!
Missing character: There is no и in font larm1200!
Missing character: There is no с in font larm1200!
Missing character: There is no ц in font larm1200!
Missing character: There is no и in font larm1200!
Missing character: There is no п in font larm1200!
Missing character: There is no л in font larm1200!
Missing character: There is no и in font larm1200!
Missing character: There is no н in font larm1200!
Missing character: There is no е in font larm1200!
Missing character: There is no Б in font larm1200!
Missing character: There is no а in font larm1200!
Missing character: There is no з in font larm1200!
Missing character: There is no ы in font larm1200!
Missing character: There is no Д in font larm1200!
Missing character: There is no а in font larm1200!
Missing character: There is no н in font larm1200!
Missing character: There is no н in font larm1200!
Missing character: There is no ы in font larm1200!
Missing character: There is no х in font larm1200!
Missing character: There is no В in font larm1200!
Missing character: There is no ы in font larm1200!
Missing character: There is no п in font larm1200!
Missing character: There is no о in font larm1200!
Missing character: There is no л in font larm1200!
Missing character: There is no н in font larm1200!
Missing character: There is no и in font larm1200!
Missing character: There is no л in font larm1200!
Missing character: There is no с in font larm1200!
Missing character: There is no т in font larm1200!
Missing character: There is no у in font larm1200!
Missing character: There is no д in font larm1200!
Missing character: There is no е in font larm1200!
Missing character: There is no н in font larm1200!
Missing character: There is no т in font larm1200!
Missing character: There is no г in font larm1200!
Missing character: There is no р in font larm1200!
Missing character: There is no у in font larm1200!
Missing character: There is no п in font larm1200!
Missing character: There is no п in font larm1200!
Missing character: There is no ы in font larm1200!
Missing character: There is no Х in font larm1200!
Missing character: There is no р in font larm1200!
Missing character: There is no о in font larm1200!
Missing character: There is no м in font larm1200!
Missing character: There is no о in font larm1200!
Missing character: There is no в in font larm1200!
Missing character: There is no Д in font larm1200!
Missing character: There is no а in font larm1200!
Missing character: There is no н in font larm1200!
Missing character: There is no и in font larm1200!
Missing character: There is no и in font larm1200!
Missing character: There is no л in font larm1200!
Missing character: There is no Т in font larm1200!
Missing character: There is no и in font larm1200!
Missing character: There is no м in font larm1200!
Missing character: There is no о in font larm1200!
Missing character: There is no ф in font larm1200!
Missing character: There is no е in font larm1200!
Missing character: There is no е in font larm1200!
Missing character: There is no в in font larm1200!
Missing character: There is no и in font larm1200!
Missing character: There is no ч in font larm1200!
Missing character: There is no П in font larm1200!
Missing character: There is no р in font larm1200!
Missing character: There is no е in font larm1200!
Missing character: There is no п in font larm1200!
Missing character: There is no о in font larm1200!
Missing character: There is no д in font larm1200!
Missing character: There is no а in font larm1200!
Missing character: There is no в in font larm1200!
Missing character: There is no а in font larm1200!
Missing character: There is no т in font larm1200!
Missing character: There is no е in font larm1200!
Missing character: There is no л in font larm1200!
Missing character: There is no ь in font larm1200!
Missing character: There is no Г in font larm1200!
Missing character: There is no о in font larm1200!
Missing character: There is no р in font larm1200!
Missing character: There is no б in font larm1200!
Missing character: There is no у in font larm1200!
Missing character: There is no н in font larm1200!
Missing character: There is no о in font larm1200!
Missing character: There is no в in font larm1200!
Missing character: There is no М in font larm1200!
Missing character: There is no и in font larm1200!
Missing character: There is no х in font larm1200!
Missing character: There is no а in font larm1200!
Missing character: There is no и in font larm1200!
Missing character: There is no л in font larm1200!
Missing character: There is no В in font larm1200!
Missing character: There is no и in font larm1200!
Missing character: There is no т in font larm1200!
Missing character: There is no а in font larm1200!
Missing character: There is no л in font larm1200!
Missing character: There is no ь in font larm1200!
Missing character: There is no е in font larm1200!
Missing character: There is no в in font larm1200!
Missing character: There is no и in font larm1200!
Missing character: There is no ч in font larm1200!
Missing character: There is no Н in font larm1200!
Missing character: There is no и in font larm1200!
Missing character: There is no к in font larm1200!
Missing character: There is no о in font larm1200!
Missing character: There is no л in font larm1200!
Missing character: There is no а in font larm1200!
Missing character: There is no е in font larm1200!
Missing character: There is no в in font larm1200!
Missing character: There is no В in font larm1200!
Missing character: There is no л in font larm1200!
Missing character: There is no а in font larm1200!
Missing character: There is no д in font larm1200!
Missing character: There is no и in font larm1200!
Missing character: There is no м in font larm1200!
Missing character: There is no и in font larm1200!
Missing character: There is no р in font larm1200!
Missing character: There is no В in font larm1200!
Missing character: There is no я in font larm1200!
Missing character: There is no ч in font larm1200!
Missing character: There is no е in font larm1200!
Missing character: There is no с in font larm1200!
Missing character: There is no л in font larm1200!
Missing character: There is no а in font larm1200!
Missing character: There is no в in font larm1200!
Missing character: There is no о in font larm1200!
Missing character: There is no в in font larm1200!
Missing character: There is no и in font larm1200!
Missing character: There is no ч in font larm1200!

LaTeX Font Warning: Font shape `T2A/lmr/m/sl' undefined
(Font)              using `T2A/lmr/m/n' instead on input line 72.

Missing character: There is no С in font larm1000!
Missing character: There is no а in font larm1000!
Missing character: There is no н in font larm1000!
Missing character: There is no к in font larm1000!
Missing character: There is no т in font larm1000!
Missing character: There is no П in font larm1000!
Missing character: There is no е in font larm1000!
Missing character: There is no т in font larm1000!
Missing character: There is no е in font larm1000!
Missing character: There is no р in font larm1000!
Missing character: There is no б in font larm1000!
Missing character: There is no у in font larm1000!
Missing character: There is no р in font larm1000!
Missing character: There is no г in font larm1000!
Missing character: There is no с in font larm1000!
Missing character: There is no к in font larm1000!
Missing character: There is no и in font larm1000!
Missing character: There is no й in font larm1000!
Missing character: There is no Н in font larm1000!
Missing character: There is no а in font larm1000!
Missing character: There is no ц in font larm1000!
Missing character: There is no и in font larm1000!
Missing character: There is no о in font larm1000!
Missing character: There is no н in font larm1000!
Missing character: There is no а in font larm1000!
Missing character: There is no л in font larm1000!
Missing character: There is no ь in font larm1000!
Missing character: There is no н in font larm1000!
Missing character: There is no ы in font larm1000!
Missing character: There is no й in font larm1000!
Missing character: There is no И in font larm1000!
Missing character: There is no с in font larm1000!
Missing character: There is no с in font larm1000!
Missing character: There is no л in font larm1000!
Missing character: There is no е in font larm1000!
Missing character: There is no д in font larm1000!
Missing character: There is no о in font larm1000!
Missing character: There is no в in font larm1000!
Missing character: There is no а in font larm1000!
Missing character: There is no т in font larm1000!
Missing character: There is no е in font larm1000!
Missing character: There is no л in font larm1000!
Missing character: There is no ь in font larm1000!
Missing character: There is no с in font larm1000!
Missing character: There is no к in font larm1000!
Missing character: There is no и in font larm1000!
Missing character: There is no й in font larm1000!
Missing character: There is no У in font larm1000!
Missing character: There is no н in font larm1000!
Missing character: There is no и in font larm1000!
Missing character: There is no в in font larm1000!
Missing character: There is no е in font larm1000!
Missing character: There is no р in font larm1000!
Missing character: There is no с in font larm1000!
Missing character: There is no и in font larm1000!
Missing character: There is no т in font larm1000!
Missing character: There is no е in font larm1000!
Missing character: There is no т in font larm1000!
Missing character: There is no И in font larm1000!
Missing character: There is no Т in font larm1000!
Missing character: There is no М in font larm1000!
Missing character: There is no О in font larm1000!
Missing character: There is no Ф in font larm1000!
Missing character: There is no а in font larm1000!
Missing character: There is no к in font larm1000!
Missing character: There is no у in font larm1000!
Missing character: There is no л in font larm1000!
Missing character: There is no ь in font larm1000!
Missing character: There is no т in font larm1000!
Missing character: There is no е in font larm1000!
Missing character: There is no т in font larm1000!
Missing character: There is no П in font larm1000!
Missing character: There is no р in font larm1000!
Missing character: There is no о in font larm1000!
Missing character: There is no г in font larm1000!
Missing character: There is no р in font larm1000!
Missing character: There is no а in font larm1000!
Missing character: There is no м in font larm1000!
Missing character: There is no м in font larm1000!
Missing character: There is no н in font larm1000!
Missing character: There is no о in font larm1000!
Missing character: There is no й in font larm1000!
Missing character: There is no И in font larm1000!
Missing character: There is no н in font larm1000!
Missing character: There is no ж in font larm1000!
Missing character: There is no е in font larm1000!
Missing character: There is no н in font larm1000!
Missing character: There is no е in font larm1000!
Missing character: There is no р in font larm1000!
Missing character: There is no и in font larm1000!
Missing character: There is no и in font larm1000!
Missing character: There is no и in font larm1000!
Missing character: There is no К in font larm1000!
Missing character: There is no о in font larm1000!
Missing character: There is no м in font larm1000!
Missing character: There is no п in font larm1000!
Missing character: There is no ь in font larm1000!
Missing character: There is no ю in font larm1000!
Missing character: There is no т in font larm1000!
Missing character: There is no е in font larm1000!
Missing character: There is no р in font larm1000!
Missing character: There is no н in font larm1000!
Missing character: There is no о in font larm1000!
Missing character: There is no й in font larm1000!
Missing character: There is no Т in font larm1000!
Missing character: There is no е in font larm1000!
Missing character: There is no х in font larm1000!
Missing character: There is no н in font larm1000!
Missing character: There is no и in font larm1000!
Missing character: There is no к in font larm1000!
Missing character: There is no и in font larm1000!

Package fancyhdr Warning: \headheight is too small (12.0pt): 
(fancyhdr)                Make it at least 20.65454pt, for example:
(fancyhdr)                \setlength{\headheight}{20.65454pt}.
(fancyhdr)                You might also make \topmargin smaller to compensate:

(fancyhdr)                \addtolength{\topmargin}{-8.65454pt}.

Missing character: There is no С in font larm1000!
Missing character: There is no а in font larm1000!
Missing character: There is no н in font larm1000!
Missing character: There is no к in font larm1000!
Missing character: There is no т in font larm1000!
Missing character: There is no П in font larm1000!
Missing character: There is no е in font larm1000!
Missing character: There is no т in font larm1000!
Missing character: There is no е in font larm1000!
Missing character: There is no р in font larm1000!
Missing character: There is no б in font larm1000!
Missing character: There is no у in font larm1000!
Missing character: There is no р in font larm1000!
Missing character: There is no г in font larm1000!
Missing character: There is no г in font larm1000!
[1

]

LaTeX Font Warning: Font shape `T2A/lmr/bx/n' undefined
(Font)              using `T2A/lmr/m/n' instead on input line 75.

Missing character: There is no Т in font larm1440!
Missing character: There is no е in font larm1440!
Missing character: There is no к in font larm1440!
Missing character: There is no с in font larm1440!
Missing character: There is no т in font larm1440!
Missing character: There is no З in font larm1440!
Missing character: There is no а in font larm1440!
Missing character: There is no д in font larm1440!
Missing character: There is no а in font larm1440!
Missing character: There is no н in font larm1440!
Missing character: There is no и in font larm1440!
Missing character: There is no я in font larm1440!
Missing character: There is no П in font larm1200!
Missing character: There is no о in font larm1200!
Missing character: There is no в in font larm1200!
Missing character: There is no а in font larm1200!
Missing character: There is no р in font larm1200!
Missing character: There is no и in font larm1200!
Missing character: There is no а in font larm1200!
Missing character: There is no н in font larm1200!
Missing character: There is no т in font larm1200!
Missing character: There is no у in font larm1200!
Missing character: There is no в in font larm1200!
Missing character: There is no ы in font larm1200!
Missing character: There is no д in font larm1200!
Missing character: There is no а in font larm1200!
Missing character: There is no н in font larm1200!
Missing character: There is no н in font larm1200!
Missing character: There is no о in font larm1200!
Missing character: There is no м in font larm1200!
Missing character: There is no у in font larm1200!
Missing character: There is no п in font larm1200!
Missing character: There is no р in font larm1200!
Missing character: There is no е in font larm1200!
Missing character: There is no п in font larm1200!
Missing character: There is no о in font larm1200!
Missing character: There is no д in font larm1200!
Missing character: There is no а in font larm1200!
Missing character: There is no в in font larm1200!
Missing character: There is no а in font larm1200!
Missing character: There is no т in font larm1200!
Missing character: There is no е in font larm1200!
Missing character: There is no л in font larm1200!
Missing character: There is no е in font larm1200!
Missing character: There is no м in font larm1200!
Missing character: There is no с in font larm1200!
Missing character: There is no о in font larm1200!
Missing character: There is no с in font larm1200!
Missing character: There is no т in font larm1200!
Missing character: There is no а in font larm1200!
Missing character: There is no в in font larm1200!
Missing character: There is no и in font larm1200!
Missing character: There is no т in font larm1200!
Missing character: There is no ь in font larm1200!
Missing character: There is no и in font larm1200!
Missing character: There is no в in font larm1200!
Missing character: There is no ы in font larm1200!
Missing character: There is no п in font larm1200!
Missing character: There is no о in font larm1200!
Missing character: There is no л in font larm1200!
Missing character: There is no н in font larm1200!
Missing character: There is no и in font larm1200!
Missing character: There is no т in font larm1200!
Missing character: There is no ь in font larm1200!
Missing character: There is no з in font larm1200!
Missing character: There is no а in font larm1200!
Missing character: There is no п in font larm1200!
Missing character: There is no р in font larm1200!
Missing character: There is no о in font larm1200!
Missing character: There is no с in font larm1200!
Missing character: There is no ы in font larm1200!
Missing character: There is no к in font larm1200!
Missing character: There is no б in font larm1200!
Missing character: There is no а in font larm1200!
Missing character: There is no з in font larm1200!
Missing character: There is no е in font larm1200!
Missing character: There is no д in font larm1200!
Missing character: There is no а in font larm1200!
Missing character: There is no н in font larm1200!
Missing character: There is no н in font larm1200!
Missing character: There is no ы in font larm1200!
Missing character: There is no х in font larm1200!
Missing character: There is no У in font larm1200!
Missing character: There is no ч in font larm1200!
Missing character: There is no е in font larm1200!
Missing character: There is no б in font larm1200!
Missing character: There is no н in font larm1200!
Missing character: There is no ы in font larm1200!
Missing character: There is no й in font larm1200!
Missing character: There is no п in font larm1200!
Missing character: There is no р in font larm1200!
Missing character: There is no о in font larm1200!
Missing character: There is no ц in font larm1200!
Missing character: There is no е in font larm1200!
Missing character: There is no с in font larm1200!
Missing character: There is no с in font larm1200!
Missing character: There is no С in font larm1200!
Missing character: There is no о in font larm1200!
Missing character: There is no с in font larm1200!
Missing character: There is no т in font larm1200!
Missing character: There is no а in font larm1200!
Missing character: There is no в in font larm1200!
Missing character: There is no и in font larm1200!
Missing character: There is no т in font larm1200!
Missing character: There is no ь in font larm1200!
Missing character: There is no з in font larm1200!
Missing character: There is no а in font larm1200!
Missing character: There is no п in font larm1200!
Missing character: There is no р in font larm1200!
Missing character: There is no о in font larm1200!
Missing character: There is no с in font larm1200!
Missing character: There is no ы in font larm1200!
Missing character: There is no н in font larm1200!
Missing character: There is no а in font larm1200!
Missing character: There is no я in font larm1200!
Missing character: There is no з in font larm1200!
Missing character: There is no ы in font larm1200!
Missing character: There is no к in font larm1200!
Missing character: There is no е in font larm1200!
Missing character: There is no п in font larm1200!
Missing character: There is no у in font larm1200!
Missing character: There is no н in font larm1200!
Missing character: There is no к in font larm1200!
Missing character: There is no т in font larm1200!
Missing character: There is no ы in font larm1200!
Missing character: There is no С in font larm1200!
Missing character: There is no д in font larm1200!
Missing character: There is no е in font larm1200!
Missing character: There is no л in font larm1200!
Missing character: There is no а in font larm1200!
Missing character: There is no т in font larm1200!
Missing character: There is no ь in font larm1200!
Missing character: There is no з in font larm1200!
Missing character: There is no а in font larm1200!
Missing character: There is no п in font larm1200!
Missing character: There is no р in font larm1200!
Missing character: There is no о in font larm1200!
Missing character: There is no с in font larm1200!
Missing character: There is no д in font larm1200!
Missing character: There is no л in font larm1200!
Missing character: There is no я in font larm1200!
Missing character: There is no п in font larm1200!
Missing character: There is no о in font larm1200!
Missing character: There is no л in font larm1200!
Missing character: There is no у in font larm1200!
Missing character: There is no ч in font larm1200!
Missing character: There is no е in font larm1200!
Missing character: There is no н in font larm1200!
Missing character: There is no и in font larm1200!
Missing character: There is no я in font larm1200!
Missing character: There is no а in font larm1200!
Missing character: There is no т in font larm1200!
Missing character: There is no р in font larm1200!
Missing character: There is no и in font larm1200!
Missing character: There is no б in font larm1200!
Missing character: There is no у in font larm1200!
Missing character: There is no т in font larm1200!
Missing character: There is no о in font larm1200!
Missing character: There is no в in font larm1200!
Missing character: There is no и in font larm1200!
Missing character: There is no з in font larm1200!
Missing character: There is no у in font larm1200!
Missing character: There is no к in font larm1200!
Missing character: There is no а in font larm1200!
Missing character: There is no з in font larm1200!
Missing character: There is no а in font larm1200!
Missing character: There is no н in font larm1200!
Missing character: There is no н in font larm1200!
Missing character: There is no ы in font larm1200!
Missing character: There is no х in font larm1200!
Missing character: There is no т in font larm1200!
Missing character: There is no а in font larm1200!
Missing character: There is no б in font larm1200!
Missing character: There is no л in font larm1200!
Missing character: There is no и in font larm1200!
Missing character: There is no ц in font larm1200!
Missing character: There is no п in font larm1200!
Missing character: There is no р in font larm1200!
Missing character: There is no и in font larm1200!
Missing character: There is no м in font larm1200!
Missing character: There is no е in font larm1200!
Missing character: There is no н in font larm1200!
Missing character: There is no и in font larm1200!
Missing character: There is no в in font larm1200!
Missing character: There is no ф in font larm1200!
Missing character: There is no и in font larm1200!
Missing character: There is no л in font larm1200!
Missing character: There is no ь in font larm1200!
Missing character: There is no т in font larm1200!
Missing character: There is no р in font larm1200!
Missing character: There is no ы in font larm1200!
Missing character: There is no п in font larm1200!
Missing character: There is no о in font larm1200!
Missing character: There is no у in font larm1200!
Missing character: There is no к in font larm1200!
Missing character: There is no а in font larm1200!
Missing character: There is no з in font larm1200!
Missing character: There is no а in font larm1200!
Missing character: There is no н in font larm1200!
Missing character: There is no н in font larm1200!
Missing character: There is no ы in font larm1200!
Missing character: There is no м in font larm1200!
Missing character: There is no у in font larm1200!
Missing character: There is no с in font larm1200!
Missing character: There is no л in font larm1200!
Missing character: There is no о in font larm1200!
Missing character: There is no в in font larm1200!
Missing character: There is no и in font larm1200!
Missing character: There is no я in font larm1200!
Missing character: There is no м in font larm1200!
Missing character: There is no Н in font larm1200!
Missing character: There is no Т in font larm1200!
Missing character: There is no И in font larm1200!
Missing character: There is no П in font larm1200!
Missing character: There is no Ы in font larm1200!
Missing character: There is no В in font larm1200!
Missing character: There is no Е in font larm1200!
Missing character: There is no Д in font larm1200!
Missing character: There is no О in font larm1200!
Missing character: There is no М in font larm1200!
Missing character: There is no О in font larm1200!
Missing character: There is no С in font larm1200!
Missing character: There is no Т in font larm1200!
Missing character: There is no Е in font larm1200!
Missing character: There is no Й in font larm1200!
Missing character: There is no Н in font larm1200!
Missing character: There is no В in font larm1200!
Missing character: There is no Е in font larm1200!
Missing character: There is no Д in font larm1200!
Missing character: There is no О in font larm1200!
Missing character: There is no М in font larm1200!
Missing character: There is no О in font larm1200!
Missing character: There is no С in font larm1200!
Missing character: There is no Т in font larm1200!
Missing character: There is no И in font larm1200!
Missing character: There is no В in font larm1200!
Missing character: There is no ы in font larm1200!
Missing character: There is no в in font larm1200!
Missing character: There is no е in font larm1200!
Missing character: There is no с in font larm1200!
Missing character: There is no т in font larm1200!
Missing character: There is no и in font larm1200!
Missing character: There is no а in font larm1200!
Missing character: There is no т in font larm1200!
Missing character: There is no р in font larm1200!
Missing character: There is no и in font larm1200!
Missing character: There is no б in font larm1200!
Missing character: There is no у in font larm1200!
Missing character: There is no т in font larm1200!
Missing character: There is no ы in font larm1200!
Missing character: There is no Н in font larm1200!
Missing character: There is no Т in font larm1200!
Missing character: There is no И in font larm1200!
Missing character: There is no П in font larm1200!
Missing character: There is no Ы in font larm1200!
Missing character: There is no В in font larm1200!
Missing character: There is no Е in font larm1200!
Missing character: There is no Д in font larm1200!
Missing character: There is no О in font larm1200!
Missing character: There is no М in font larm1200!
Missing character: There is no О in font larm1200!
Missing character: There is no С in font larm1200!
Missing character: There is no Т in font larm1200!
Missing character: There is no Е in font larm1200!
Missing character: There is no Й in font larm1200!
Missing character: There is no И in font larm1200!
Missing character: There is no Д in font larm1200!
Missing character: There is no Н in font larm1200!
Missing character: There is no В in font larm1200!
Missing character: There is no Е in font larm1200!
Missing character: There is no Д in font larm1200!
Missing character: There is no О in font larm1200!
Missing character: There is no М in font larm1200!
Missing character: There is no О in font larm1200!
Missing character: There is no С in font larm1200!
Missing character: There is no Т in font larm1200!
Missing character: There is no И in font larm1200!
Missing character: There is no Д in font larm1200!
Missing character: There is no А in font larm1200!
Missing character: There is no Т in font larm1200!
Missing character: There is no А in font larm1200!
Missing character: There is no Ф in font larm1200!
Missing character: There is no и in font larm1200!
Missing character: There is no л in font larm1200!
Missing character: There is no ь in font larm1200!
Missing character: There is no т in font larm1200!
Missing character: There is no р in font larm1200!
Missing character: There is no ы in font larm1200!
Missing character: There is no Н in font larm1200!
Missing character: There is no Т in font larm1200!
Missing character: There is no И in font larm1200!
Missing character: There is no П in font larm1200!
Missing character: There is no Ы in font larm1200!
Missing character: There is no В in font larm1200!
Missing character: There is no Е in font larm1200!
Missing character: There is no Д in font larm1200!
Missing character: There is no О in font larm1200!
Missing character: There is no М in font larm1200!
Missing character: There is no О in font larm1200!
Missing character: There is no С in font larm1200!
Missing character: There is no Т in font larm1200!
Missing character: There is no Е in font larm1200!
Missing character: There is no Й in font larm1200!
Missing character: There is no Н in font larm1200!
Missing character: There is no А in font larm1200!
Missing character: There is no И in font larm1200!
Missing character: There is no М in font larm1200!
Missing character: There is no Е in font larm1200!
Missing character: There is no Н in font larm1200!
Missing character: There is no О in font larm1200!
Missing character: There is no В in font larm1200!
Missing character: There is no А in font larm1200!
Missing character: There is no Н in font larm1200!
Missing character: There is no И in font larm1200!
Missing character: There is no Е in font larm1200!
Missing character: There is no В in font larm1200!
Missing character: There is no е in font larm1200!
Missing character: There is no д in font larm1200!
Missing character: There is no о in font larm1200!
Missing character: There is no м in font larm1200!
Missing character: There is no о in font larm1200!
Missing character: There is no с in font larm1200!
Missing character: There is no т in font larm1200!
Missing character: There is no ь in font larm1200!
Missing character: There is no Н in font larm1200!
Missing character: There is no В in font larm1200!
Missing character: There is no Е in font larm1200!
Missing character: There is no Д in font larm1200!
Missing character: There is no О in font larm1200!
Missing character: There is no М in font larm1200!
Missing character: There is no О in font larm1200!
Missing character: There is no С in font larm1200!
Missing character: There is no Т in font larm1200!
Missing character: There is no И in font larm1200!
Missing character: There is no Ч in font larm1200!
Missing character: There is no Л in font larm1200!
Missing character: There is no В in font larm1200!
Missing character: There is no К in font larm1200!
Missing character: There is no И in font larm1200!
Missing character: There is no Д in font larm1200!
Missing character: There is no В in font larm1200!
Missing character: There is no и in font larm1200!
Missing character: There is no д in font larm1200!
Missing character: There is no с in font larm1200!
Missing character: There is no о in font larm1200!
Missing character: There is no е in font larm1200!
Missing character: There is no д in font larm1200!
Missing character: There is no и in font larm1200!
Missing character: There is no н in font larm1200!
Missing character: There is no е in font larm1200!
Missing character: There is no н in font larm1200!
Missing character: There is no и in font larm1200!
Missing character: There is no я in font larm1200!
Missing character: There is no С in font larm1200!
Missing character: There is no д in font larm1200!
Missing character: There is no е in font larm1200!
Missing character: There is no л in font larm1200!
Missing character: There is no а in font larm1200!
Missing character: There is no т in font larm1200!
Missing character: There is no ь in font larm1200!
Missing character: There is no з in font larm1200!
Missing character: There is no а in font larm1200!
Missing character: There is no п in font larm1200!
Missing character: There is no р in font larm1200!
Missing character: There is no о in font larm1200!
Missing character: There is no с in font larm1200!
Missing character: There is no д in font larm1200!
Missing character: There is no л in font larm1200!
Missing character: There is no я in font larm1200!
Missing character: There is no п in font larm1200!
Missing character: There is no о in font larm1200!
Missing character: There is no л in font larm1200!
Missing character: There is no у in font larm1200!
Missing character: There is no ч in font larm1200!
Missing character: There is no е in font larm1200!
Missing character: There is no н in font larm1200!
Missing character: There is no и in font larm1200!
Missing character: There is no я in font larm1200!
Missing character: There is no а in font larm1200!
Missing character: There is no т in font larm1200!
Missing character: There is no р in font larm1200!
Missing character: There is no и in font larm1200!
Missing character: There is no б in font larm1200!
Missing character: There is no у in font larm1200!
Missing character: There is no т in font larm1200!
Missing character: There is no о in font larm1200!
Missing character: There is no в in font larm1200!
Missing character: There is no и in font larm1200!
Missing character: There is no з in font larm1200!
Missing character: There is no у in font larm1200!
Missing character: There is no к in font larm1200!
Missing character: There is no а in font larm1200!
Missing character: There is no з in font larm1200!
Missing character: There is no а in font larm1200!
Missing character: There is no н in font larm1200!
Missing character: There is no н in font larm1200!
Missing character: There is no ы in font larm1200!
Missing character: There is no х in font larm1200!
Missing character: There is no т in font larm1200!
Missing character: There is no а in font larm1200!
Missing character: There is no б in font larm1200!
Missing character: There is no л in font larm1200!
Missing character: There is no и in font larm1200!
Missing character: There is no ц in font larm1200!
Missing character: There is no п in font larm1200!
Missing character: There is no р in font larm1200!
Missing character: There is no и in font larm1200!
Missing character: There is no м in font larm1200!
Missing character: There is no е in font larm1200!
Missing character: There is no н in font larm1200!
Missing character: There is no и in font larm1200!
Missing character: There is no в in font larm1200!
Missing character: There is no ф in font larm1200!
Missing character: There is no и in font larm1200!
Missing character: There is no л in font larm1200!
Missing character: There is no ь in font larm1200!
Missing character: There is no т in font larm1200!
Missing character: There is no р in font larm1200!
Missing character: There is no ы in font larm1200!
Missing character: There is no п in font larm1200!
Missing character: There is no о in font larm1200!
Missing character: There is no у in font larm1200!
Missing character: There is no к in font larm1200!
Missing character: There is no а in font larm1200!
Missing character: There is no з in font larm1200!
Missing character: There is no а in font larm1200!
Missing character: There is no н in font larm1200!
Missing character: There is no н in font larm1200!
Missing character: There is no ы in font larm1200!
Missing character: There is no м in font larm1200!
Missing character: There is no у in font larm1200!
Missing character: There is no с in font larm1200!
Missing character: There is no л in font larm1200!
Missing character: There is no о in font larm1200!
Missing character: There is no в in font larm1200!
Missing character: There is no и in font larm1200!
Missing character: There is no я in font larm1200!
Missing character: There is no м in font larm1200!
Missing character: There is no Т in font larm1200!
Missing character: There is no а in font larm1200!
Missing character: There is no б in font larm1200!
Missing character: There is no л in font larm1200!
Missing character: There is no и in font larm1200!
Missing character: There is no ц in font larm1200!
Missing character: There is no ы in font larm1200!
Missing character: There is no Н in font larm1200!
Missing character: There is no Л in font larm1200!
Missing character: There is no Ю in font larm1200!
Missing character: There is no Д in font larm1200!
Missing character: There is no И in font larm1200!
Missing character: There is no Н in font larm1200!
Missing character: There is no О in font larm1200!
Missing character: There is no Б in font larm1200!
Missing character: There is no У in font larm1200!
Missing character: There is no Ч in font larm1200!
Missing character: There is no Е in font larm1200!
Missing character: There is no Н in font larm1200!
Missing character: There is no И in font larm1200!
Missing character: There is no Я in font larm1200!
Missing character: There is no Н in font larm1200!
Missing character: There is no У in font larm1200!
Missing character: There is no Ч in font larm1200!
Missing character: There is no Е in font larm1200!
Missing character: There is no Н in font larm1200!
Missing character: There is no И in font larm1200!
Missing character: There is no К in font larm1200!
Missing character: There is no И in font larm1200!
Missing character: There is no В in font larm1200!
Missing character: There is no ы in font larm1200!
Missing character: There is no в in font larm1200!
Missing character: There is no е in font larm1200!
Missing character: There is no с in font larm1200!
Missing character: There is no т in font larm1200!
Missing character: There is no и in font larm1200!
Missing character: There is no а in font larm1200!
Missing character: There is no т in font larm1200!
Missing character: There is no р in font larm1200!
Missing character: There is no и in font larm1200!
Missing character: There is no б in font larm1200!
Missing character: There is no у in font larm1200!
Missing character: There is no т in font larm1200!
Missing character: There is no ы in font larm1200!
Missing character: There is no Н in font larm1200!
Missing character: There is no Л in font larm1200!
Missing character: There is no Ю in font larm1200!
Missing character: There is no Д in font larm1200!
Missing character: There is no И in font larm1200!
Missing character: There is no И in font larm1200!
Missing character: There is no М in font larm1200!
Missing character: There is no Я in font larm1200!
Missing character: There is no Н in font larm1200!
Missing character: There is no О in font larm1200!
Missing character: There is no Б in font larm1200!
Missing character: There is no У in font larm1200!
Missing character: There is no Ч in font larm1200!
Missing character: There is no Е in font larm1200!
Missing character: There is no Н in font larm1200!
Missing character: There is no И in font larm1200!
Missing character: There is no Я in font larm1200!
Missing character: There is no Н in font larm1200!
Missing character: There is no З in font larm1200!
Missing character: There is no К in font larm1200!
Missing character: There is no Н in font larm1200!
Missing character: There is no У in font larm1200!
Missing character: There is no Ч in font larm1200!
Missing character: There is no Е in font larm1200!
Missing character: There is no Н in font larm1200!
Missing character: There is no И in font larm1200!
Missing character: There is no К in font larm1200!
Missing character: There is no И in font larm1200!
Missing character: There is no Г in font larm1200!
Missing character: There is no Р in font larm1200!
Missing character: There is no У in font larm1200!
Missing character: There is no П in font larm1200!
Missing character: There is no П in font larm1200!
Missing character: There is no А in font larm1200!
Missing character: There is no Ф in font larm1200!
Missing character: There is no и in font larm1200!
Missing character: There is no л in font larm1200!
Missing character: There is no ь in font larm1200!
Missing character: There is no т in font larm1200!
Missing character: There is no р in font larm1200!
Missing character: There is no ы in font larm1200!
Missing character: There is no Н in font larm1200!
Missing character: There is no Л in font larm1200!
Missing character: There is no Ю in font larm1200!
Missing character: There is no Д in font larm1200!
Missing character: There is no И in font larm1200!
Missing character: There is no Ф in font larm1200!
Missing character: There is no А in font larm1200!
Missing character: There is no М in font larm1200!
Missing character: There is no И in font larm1200!
Missing character: There is no Л in font larm1200!
Missing character: There is no И in font larm1200!
Missing character: There is no Я in font larm1200!
Missing character: There is no Ё in font larm1200!
Missing character: There is no л in font larm1200!
Missing character: There is no к in font larm1200!
Missing character: There is no и in font larm1200!
Missing character: There is no н in font larm1200!
Missing character: There is no Н in font larm1200!
Missing character: There is no О in font larm1200!
Missing character: There is no Б in font larm1200!
Missing character: There is no У in font larm1200!
Missing character: There is no Ч in font larm1200!
Missing character: There is no Е in font larm1200!
Missing character: There is no Н in font larm1200!
Missing character: There is no И in font larm1200!
Missing character: There is no Я in font larm1200!
Missing character: There is no Н in font larm1200!
Missing character: There is no З in font larm1200!
Missing character: There is no К in font larm1200!
Missing character: There is no Н in font larm1200!
Missing character: There is no У in font larm1200!
Missing character: There is no Ч in font larm1200!
Missing character: There is no Е in font larm1200!
Missing character: There is no Н in font larm1200!
Missing character: There is no И in font larm1200!
Missing character: There is no К in font larm1200!
Missing character: There is no И in font larm1200!
Missing character: There is no И in font larm1200!
Missing character: There is no Д in font larm1200!
Missing character: There is no В in font larm1200!
Missing character: There is no и in font larm1200!
Missing character: There is no д in font larm1200!
Missing character: There is no с in font larm1200!
Missing character: There is no о in font larm1200!
Missing character: There is no е in font larm1200!
Missing character: There is no д in font larm1200!
Missing character: There is no и in font larm1200!
Missing character: There is no н in font larm1200!
Missing character: There is no е in font larm1200!
Missing character: There is no н in font larm1200!
Missing character: There is no и in font larm1200!
Missing character: There is no я in font larm1200!
Missing character: There is no В in font larm1200!
Missing character: There is no ы in font larm1200!
Missing character: There is no в in font larm1200!
Missing character: There is no е in font larm1200!
Missing character: There is no с in font larm1200!
Missing character: There is no т in font larm1200!
Missing character: There is no и in font larm1200!
Missing character: There is no ч in font larm1200!
Missing character: There is no и in font larm1200!
Missing character: There is no с in font larm1200!
Missing character: There is no л in font larm1200!
Missing character: There is no о in font larm1200!
Missing character: There is no ф in font larm1200!
Missing character: There is no а in font larm1200!
Missing character: There is no м in font larm1200!
Missing character: There is no и in font larm1200!
Missing character: There is no л in font larm1200!
Missing character: There is no и in font larm1200!
Missing character: There is no й in font larm1200!
Missing character: There is no и in font larm1200!
Missing character: There is no о in font larm1200!
Missing character: There is no т in font larm1200!
Missing character: There is no ч in font larm1200!
Missing character: There is no е in font larm1200!
Missing character: There is no с in font larm1200!
Missing character: There is no т in font larm1200!
Missing character: There is no в in font larm1200!
Missing character: There is no б in font larm1200!
Missing character: There is no е in font larm1200!
Missing character: There is no з in font larm1200!
Missing character: There is no у in font larm1200!
Missing character: There is no ч in font larm1200!
Missing character: There is no е in font larm1200!
Missing character: There is no т in font larm1200!
Missing character: There is no а in font larm1200!
Missing character: There is no п in font larm1200!
Missing character: There is no о in font larm1200!
Missing character: There is no в in font larm1200!
Missing character: There is no т in font larm1200!
Missing character: There is no о in font larm1200!
Missing character: There is no р in font larm1200!
Missing character: There is no е in font larm1200!
Missing character: There is no н in font larm1200!
Missing character: There is no и in font larm1200!
Missing character: There is no й in font larm1200!
Missing character: There is no П in font larm1200!
Missing character: There is no р in font larm1200!
Missing character: There is no и in font larm1200!
Missing character: There is no с in font larm1200!
Missing character: There is no о in font larm1200!
Missing character: There is no с in font larm1200!
Missing character: There is no т in font larm1200!
Missing character: There is no а in font larm1200!
Missing character: There is no в in font larm1200!
Missing character: There is no л in font larm1200!
Missing character: There is no е in font larm1200!
Missing character: There is no н in font larm1200!
Missing character: There is no и in font larm1200!
Missing character: There is no и in font larm1200!
Missing character: There is no з in font larm1200!
Missing character: There is no а in font larm1200!
Missing character: There is no п in font larm1200!
Missing character: There is no р in font larm1200!
Missing character: There is no о in font larm1200!
Missing character: There is no с in font larm1200!
Missing character: There is no а in font larm1200!
Missing character: There is no н in font larm1200!
Missing character: There is no е in font larm1200!
Missing character: There is no л in font larm1200!
Missing character: There is no ь in font larm1200!
Missing character: There is no з in font larm1200!
Missing character: There is no я in font larm1200!
Missing character: There is no и in font larm1200!
Missing character: There is no с in font larm1200!
Missing character: There is no п in font larm1200!
Missing character: There is no о in font larm1200!
Missing character: There is no л in font larm1200!
Missing character: There is no ь in font larm1200!
Missing character: There is no з in font larm1200!
Missing character: There is no о in font larm1200!
Missing character: There is no в in font larm1200!
Missing character: There is no а in font larm1200!
Missing character: There is no т in font larm1200!
Missing character: There is no ь in font larm1200!
Missing character: There is no Н in font larm1200!
Missing character: There is no а in font larm1200!
Missing character: There is no й in font larm1200!
Missing character: There is no т in font larm1200!
Missing character: There is no и in font larm1200!
Missing character: There is no г in font larm1200!
Missing character: There is no р in font larm1200!
Missing character: There is no у in font larm1200!
Missing character: There is no п in font larm1200!
Missing character: There is no п in font larm1200!
Missing character: There is no ы in font larm1200!
Missing character: There is no в in font larm1200!
Missing character: There is no к in font larm1200!
Missing character: There is no о in font larm1200!
Missing character: There is no т in font larm1200!
Missing character: There is no о in font larm1200!
Missing character: There is no р in font larm1200!
Missing character: There is no ы in font larm1200!
Missing character: There is no х in font larm1200!
Missing character: There is no в in font larm1200!
Missing character: There is no г in font larm1200!
Missing character: There is no о in font larm1200!
Missing character: There is no д in font larm1200!
Missing character: There is no у in font larm1200!
Missing character: There is no б in font larm1200!
Missing character: There is no ы in font larm1200!
Missing character: There is no л in font larm1200!
Missing character: There is no о in font larm1200!
Missing character: There is no р in font larm1200!
Missing character: There is no о in font larm1200!
Missing character: There is no в in font larm1200!
Missing character: There is no н in font larm1200!
Missing character: There is no о in font larm1200!
Missing character: There is no о in font larm1200!
Missing character: There is no б in font larm1200!
Missing character: There is no у in font larm1200!
Missing character: There is no ч in font larm1200!
Missing character: There is no а in font larm1200!
Missing character: There is no ю in font larm1200!
Missing character: There is no щ in font larm1200!
Missing character: There is no и in font larm1200!
Missing character: There is no х in font larm1200!
Missing character: There is no с in font larm1200!
Missing character: There is no я in font larm1200!
Missing character: There is no с in font larm1200!
Missing character: There is no т in font larm1200!
Missing character: There is no у in font larm1200!
Missing character: There is no д in font larm1200!
Missing character: There is no е in font larm1200!
Missing character: There is no н in font larm1200!
Missing character: There is no т in font larm1200!
Missing character: There is no о in font larm1200!
Missing character: There is no в in font larm1200!
Missing character: There is no н in font larm1200!
Missing character: There is no а in font larm1200!
Missing character: There is no Ф in font larm1200!
Missing character: There is no К in font larm1200!
Missing character: There is no Т in font larm1200!
Missing character: There is no И in font larm1200!
Missing character: There is no У in font larm1200!
Missing character: There is no Д in font larm1200!
Missing character: There is no л in font larm1200!
Missing character: There is no я in font larm1200!
Missing character: There is no р in font larm1200!
Missing character: There is no е in font larm1200!
Missing character: There is no а in font larm1200!
Missing character: There is no л in font larm1200!
Missing character: There is no и in font larm1200!
Missing character: There is no з in font larm1200!
Missing character: There is no а in font larm1200!
Missing character: There is no ц in font larm1200!
Missing character: There is no и in font larm1200!
Missing character: There is no и in font larm1200!
Missing character: There is no и in font larm1200!
Missing character: There is no с in font larm1200!
Missing character: There is no п in font larm1200!
Missing character: There is no о in font larm1200!
Missing character: There is no л in font larm1200!
Missing character: There is no ь in font larm1200!
Missing character: There is no з in font larm1200!
Missing character: There is no о in font larm1200!
Missing character: There is no в in font larm1200!
Missing character: There is no а in font larm1200!
Missing character: There is no т in font larm1200!
Missing character: There is no ь in font larm1200!
Missing character: There is no с in font larm1200!
Missing character: There is no о in font larm1200!
Missing character: There is no е in font larm1200!
Missing character: There is no д in font larm1200!
Missing character: There is no и in font larm1200!
Missing character: There is no н in font larm1200!
Missing character: There is no е in font larm1200!
Missing character: There is no н in font larm1200!
Missing character: There is no и in font larm1200!
Missing character: There is no е in font larm1200!
Missing character: There is no т in font larm1200!
Missing character: There is no а in font larm1200!
Missing character: There is no б in font larm1200!
Missing character: There is no л in font larm1200!
Missing character: There is no и in font larm1200!
Missing character: There is no ц in font larm1200!
Missing character: There is no В in font larm1200!
Missing character: There is no ы in font larm1200!
Missing character: There is no в in font larm1200!
Missing character: There is no е in font larm1200!
Missing character: There is no д in font larm1200!
Missing character: There is no и in font larm1200!
Missing character: There is no т in font larm1200!
Missing character: There is no е in font larm1200!
Missing character: There is no т in font larm1200!
Missing character: There is no а in font larm1200!
Missing character: There is no б in font larm1200!
Missing character: There is no л in font larm1200!
Missing character: There is no и in font larm1200!
Missing character: There is no ц in font larm1200!
Missing character: There is no у in font larm1200!
Missing character: There is no с in font larm1200!
Missing character: There is no о in font larm1200!
Missing character: There is no с in font larm1200!
Missing character: There is no р in font larm1200!
Missing character: There is no е in font larm1200!
Missing character: There is no д in font larm1200!
Missing character: There is no н in font larm1200!
Missing character: There is no и in font larm1200!
Missing character: There is no м in font larm1200!
Missing character: There is no в in font larm1200!
Missing character: There is no о in font larm1200!
Missing character: There is no з in font larm1200!
Missing character: There is no р in font larm1200!
Missing character: There is no а in font larm1200!
Missing character: There is no с in font larm1200!
Missing character: There is no т in font larm1200!
Missing character: There is no о in font larm1200!
Missing character: There is no м in font larm1200!
Missing character: There is no с in font larm1200!
Missing character: There is no т in font larm1200!
Missing character: There is no у in font larm1200!
Missing character: There is no д in font larm1200!
Missing character: There is no е in font larm1200!
Missing character: There is no н in font larm1200!
Missing character: There is no т in font larm1200!
Missing character: There is no о in font larm1200!
Missing character: There is no в in font larm1200!
Missing character: There is no в in font larm1200!
Missing character: There is no о in font larm1200!
Missing character: There is no в in font larm1200!
Missing character: There is no с in font larm1200!
Missing character: There is no е in font larm1200!
Missing character: There is no х in font larm1200!
Missing character: There is no г in font larm1200!
Missing character: There is no р in font larm1200!
Missing character: There is no у in font larm1200!
Missing character: There is no п in font larm1200!
Missing character: There is no п in font larm1200!
Missing character: There is no а in font larm1200!
Missing character: There is no х in font larm1200!
Missing character: There is no Г in font larm1200!
Missing character: There is no р in font larm1200!
Missing character: There is no у in font larm1200!
Missing character: There is no п in font larm1200!
Missing character: There is no п in font larm1200!
Missing character: There is no а in font larm1200!
Missing character: There is no С in font larm1200!
Missing character: There is no р in font larm1200!
Missing character: There is no е in font larm1200!
Missing character: There is no д in font larm1200!
Missing character: There is no н in font larm1200!
Missing character: There is no и in font larm1200!
Missing character: There is no й in font larm1200!
Missing character: There is no в in font larm1200!
Missing character: There is no о in font larm1200!
Missing character: There is no з in font larm1200!
Missing character: There is no р in font larm1200!
Missing character: There is no а in font larm1200!
Missing character: There is no с in font larm1200!
Missing character: There is no т in font larm1200!
Missing character: There is no г in font larm1200!
Missing character: There is no д in font larm1200!
Missing character: There is no е in font larm1200!
Missing character: There is no с in font larm1200!
Missing character: There is no р in font larm1200!
Missing character: There is no е in font larm1200!
Missing character: There is no д in font larm1200!
Missing character: There is no н in font larm1200!
Missing character: There is no и in font larm1200!
Missing character: There is no й in font larm1200!
Missing character: There is no в in font larm1200!
Missing character: There is no о in font larm1200!
Missing character: There is no з in font larm1200!
Missing character: There is no р in font larm1200!
Missing character: There is no а in font larm1200!
Missing character: There is no с in font larm1200!
Missing character: There is no т in font larm1200!
Missing character: There is no р in font larm1200!
Missing character: There is no а in font larm1200!
Missing character: There is no в in font larm1200!
Missing character: There is no е in font larm1200!
Missing character: There is no н in font larm1200!
Missing character: There is no м in font larm1200!
Missing character: There is no а in font larm1200!
Missing character: There is no к in font larm1200!
Missing character: There is no с in font larm1200!
Missing character: There is no и in font larm1200!
Missing character: There is no м in font larm1200!
Missing character: There is no а in font larm1200!
Missing character: There is no л in font larm1200!
Missing character: There is no ь in font larm1200!
Missing character: There is no н in font larm1200!
Missing character: There is no о in font larm1200!
Missing character: There is no м in font larm1200!
Missing character: There is no у in font larm1200!
Missing character: There is no в in font larm1200!
Missing character: There is no о in font larm1200!
Missing character: There is no з in font larm1200!
Missing character: There is no р in font larm1200!
Missing character: There is no а in font larm1200!
Missing character: There is no с in font larm1200!
Missing character: There is no т in font larm1200!
Missing character: There is no у in font larm1200!
Missing character: There is no в in font larm1200!
Missing character: There is no г in font larm1200!
Missing character: There is no р in font larm1200!
Missing character: There is no у in font larm1200!
Missing character: There is no п in font larm1200!
Missing character: There is no п in font larm1200!
Missing character: There is no е in font larm1200!
Missing character: There is no П in font larm1200!
Missing character: There is no о in font larm1200!
Missing character: There is no л in font larm1200!
Missing character: There is no у in font larm1200!
Missing character: There is no ч in font larm1200!
Missing character: There is no и in font larm1200!
Missing character: There is no т in font larm1200!
Missing character: There is no ь in font larm1200!
Missing character: There is no с in font larm1200!
Missing character: There is no п in font larm1200!
Missing character: There is no и in font larm1200!
Missing character: There is no с in font larm1200!
Missing character: There is no о in font larm1200!
Missing character: There is no к in font larm1200!
Missing character: There is no с in font larm1200!
Missing character: There is no т in font larm1200!
Missing character: There is no у in font larm1200!
Missing character: There is no д in font larm1200!
Missing character: There is no е in font larm1200!
Missing character: There is no н in font larm1200!
Missing character: There is no т in font larm1200!
Missing character: There is no о in font larm1200!
Missing character: There is no в in font larm1200!
Missing character: There is no з in font larm1200!
Missing character: There is no а in font larm1200!
Missing character: There is no ч in font larm1200!
Missing character: There is no и in font larm1200!
Missing character: There is no с in font larm1200!
Missing character: There is no л in font larm1200!
Missing character: There is no е in font larm1200!
Missing character: There is no н in font larm1200!
Missing character: There is no н in font larm1200!
Missing character: There is no ы in font larm1200!
Missing character: There is no х in font larm1200!
Missing character: There is no р in font larm1200!
Missing character: There is no о in font larm1200!
Missing character: There is no в in font larm1200!
Missing character: There is no н in font larm1200!
Missing character: There is no о in font larm1200!
Missing character: There is no п in font larm1200!
Missing character: There is no е in font larm1200!
Missing character: There is no р in font larm1200!
Missing character: There is no в in font larm1200!
Missing character: There is no о in font larm1200!
Missing character: There is no г in font larm1200!
Missing character: There is no о in font larm1200!
Missing character: There is no с in font larm1200!
Missing character: There is no е in font larm1200!
Missing character: There is no н in font larm1200!
Missing character: There is no т in font larm1200!
Missing character: There is no я in font larm1200!
Missing character: There is no б in font larm1200!
Missing character: There is no р in font larm1200!
Missing character: There is no я in font larm1200!
Missing character: There is no г in font larm1200!
Missing character: There is no о in font larm1200!
Missing character: There is no д in font larm1200!
Missing character: There is no а in font larm1200!
Missing character: There is no н in font larm1200!
Missing character: There is no а in font larm1200!
Missing character: There is no п in font larm1200!
Missing character: There is no е in font larm1200!
Missing character: There is no р in font larm1200!
Missing character: There is no в in font larm1200!
Missing character: There is no ы in font larm1200!
Missing character: There is no й in font larm1200!
Missing character: There is no к in font larm1200!
Missing character: There is no у in font larm1200!
Missing character: There is no р in font larm1200!
Missing character: There is no с in font larm1200!
Missing character: There is no о in font larm1200!
Missing character: There is no ч in font larm1200!
Missing character: There is no н in font larm1200!
Missing character: There is no о in font larm1200!
Missing character: There is no й in font larm1200!
Missing character: There is no и in font larm1200!
Missing character: There is no л in font larm1200!
Missing character: There is no и in font larm1200!
Missing character: There is no з in font larm1200!
Missing character: There is no а in font larm1200!
Missing character: There is no о in font larm1200!
Missing character: There is no ч in font larm1200!
Missing character: There is no н in font larm1200!
Missing character: There is no о in font larm1200!
Missing character: There is no й in font larm1200!
Missing character: There is no ф in font larm1200!
Missing character: There is no о in font larm1200!
Missing character: There is no р in font larm1200!
Missing character: There is no м in font larm1200!
Missing character: There is no ы in font larm1200!
Missing character: There is no о in font larm1200!
Missing character: There is no б in font larm1200!
Missing character: There is no у in font larm1200!
Missing character: There is no ч in font larm1200!
Missing character: There is no е in font larm1200!
Missing character: There is no н in font larm1200!
Missing character: There is no и in font larm1200!
Missing character: There is no я in font larm1200!
Missing character: There is no В in font larm1200!
Missing character: There is no р in font larm1200!
Missing character: There is no е in font larm1200!
Missing character: There is no з in font larm1200!
Missing character: There is no у in font larm1200!
Missing character: There is no л in font larm1200!
Missing character: There is no ь in font larm1200!
Missing character: There is no т in font larm1200!
Missing character: There is no а in font larm1200!
Missing character: There is no т in font larm1200!
Missing character: There is no в in font larm1200!
Missing character: There is no к in font larm1200!
Missing character: There is no л in font larm1200!
Missing character: There is no ю in font larm1200!
Missing character: There is no ч in font larm1200!
Missing character: There is no и in font larm1200!
Missing character: There is no т in font larm1200!
Missing character: There is no ь in font larm1200!
Missing character: There is no н in font larm1200!
Missing character: There is no о in font larm1200!
Missing character: There is no м in font larm1200!
Missing character: There is no е in font larm1200!
Missing character: There is no р in font larm1200!
Missing character: There is no г in font larm1200!
Missing character: There is no р in font larm1200!
Missing character: There is no у in font larm1200!
Missing character: There is no п in font larm1200!
Missing character: There is no п in font larm1200!
Missing character: There is no ы in font larm1200!
Missing character: There is no н in font larm1200!
Missing character: There is no о in font larm1200!
Missing character: There is no м in font larm1200!
Missing character: There is no е in font larm1200!
Missing character: There is no р in font larm1200!
Missing character: There is no ф in font larm1200!
Missing character: There is no а in font larm1200!
Missing character: There is no м in font larm1200!
Missing character: There is no и in font larm1200!
Missing character: There is no л in font larm1200!
Missing character: There is no и in font larm1200!
Missing character: There is no ю in font larm1200!
Missing character: There is no и in font larm1200!
Missing character: There is no м in font larm1200!
Missing character: There is no я in font larm1200!
Missing character: There is no и in font larm1200!
Missing character: There is no о in font larm1200!
Missing character: There is no т in font larm1200!
Missing character: There is no ч in font larm1200!
Missing character: There is no е in font larm1200!
Missing character: There is no с in font larm1200!
Missing character: There is no т in font larm1200!
Missing character: There is no в in font larm1200!
Missing character: There is no о in font larm1200!
Missing character: There is no с in font larm1200!
Missing character: There is no т in font larm1200!
Missing character: There is no у in font larm1200!
Missing character: There is no д in font larm1200!
Missing character: There is no е in font larm1200!
Missing character: There is no н in font larm1200!
Missing character: There is no т in font larm1200!
Missing character: There is no а in font larm1200!
Missing character: There is no н in font larm1200!
Missing character: There is no о in font larm1200!
Missing character: There is no м in font larm1200!
Missing character: There is no е in font larm1200!
Missing character: There is no р in font larm1200!
Missing character: There is no и in font larm1200!
Missing character: There is no с in font larm1200!
Missing character: There is no о in font larm1200!
Missing character: There is no с in font larm1200!
Missing character: There is no т in font larm1200!
Missing character: There is no о in font larm1200!
Missing character: There is no я in font larm1200!
Missing character: There is no н in font larm1200!
Missing character: There is no и in font larm1200!
Missing character: There is no е in font larm1200!
Missing character: There is no п in font larm1200!
Missing character: There is no у in font larm1200!
Missing character: There is no н in font larm1200!
Missing character: There is no к in font larm1200!
Missing character: There is no т in font larm1200!
Missing character: There is no а in font larm1200!
Missing character: There is no п in font larm1200!
Missing character: There is no р in font larm1200!
Missing character: There is no и in font larm1200!
Missing character: There is no к in font larm1200!
Missing character: There is no а in font larm1200!
Missing character: There is no з in font larm1200!
Missing character: There is no а in font larm1200!
Missing character: There is no Д in font larm1200!
Missing character: There is no л in font larm1200!
Missing character: There is no я in font larm1200!
Missing character: There is no р in font larm1200!
Missing character: There is no е in font larm1200!
Missing character: There is no а in font larm1200!
Missing character: There is no л in font larm1200!
Missing character: There is no и in font larm1200!
Missing character: There is no з in font larm1200!
Missing character: There is no а in font larm1200!
Missing character: There is no ц in font larm1200!
Missing character: There is no и in font larm1200!
Missing character: There is no и in font larm1200!
Missing character: There is no и in font larm1200!
Missing character: There is no с in font larm1200!
Missing character: There is no п in font larm1200!
Missing character: There is no о in font larm1200!
Missing character: There is no л in font larm1200!
Missing character: There is no ь in font larm1200!
Missing character: There is no з in font larm1200!
Missing character: There is no о in font larm1200!
Missing character: There is no в in font larm1200!
Missing character: There is no а in font larm1200!
Missing character: There is no т in font larm1200!
Missing character: There is no ь in font larm1200!
Missing character: There is no с in font larm1200!
Missing character: There is no о in font larm1200!
Missing character: There is no е in font larm1200!
Missing character: There is no д in font larm1200!
Missing character: There is no и in font larm1200!
Missing character: There is no н in font larm1200!
Missing character: There is no е in font larm1200!
Missing character: There is no н in font larm1200!
Missing character: There is no и in font larm1200!
Missing character: There is no е in font larm1200!
Missing character: There is no т in font larm1200!
Missing character: There is no а in font larm1200!
Missing character: There is no б in font larm1200!
Missing character: There is no л in font larm1200!
Missing character: There is no и in font larm1200!
Missing character: There is no ц in font larm1200!
Missing character: There is no В in font larm1200!
Missing character: There is no ы in font larm1200!
Missing character: There is no в in font larm1200!
Missing character: There is no е in font larm1200!
Missing character: There is no с in font larm1200!
Missing character: There is no т in font larm1200!
Missing character: There is no и in font larm1200!
Missing character: There is no с in font larm1200!
Missing character: There is no п in font larm1200!
Missing character: There is no и in font larm1200!
Missing character: There is no с in font larm1200!
Missing character: There is no о in font larm1200!
Missing character: There is no к in font larm1200!
Missing character: There is no с in font larm1200!
Missing character: There is no т in font larm1200!
Missing character: There is no у in font larm1200!
Missing character: There is no д in font larm1200!
Missing character: There is no е in font larm1200!
Missing character: There is no н in font larm1200!
Missing character: There is no т in font larm1200!
Missing character: There is no о in font larm1200!
Missing character: There is no в in font larm1200!
Missing character: There is no и in font larm1200!
Missing character: There is no м in font larm1200!
Missing character: There is no е in font larm1200!
Missing character: There is no ю in font larm1200!
Missing character: There is no щ in font larm1200!
Missing character: There is no и in font larm1200!
Missing character: There is no х in font larm1200!
Missing character: There is no о in font larm1200!
Missing character: There is no д in font larm1200!
Missing character: There is no и in font larm1200!
Missing character: There is no н in font larm1200!
Missing character: There is no а in font larm1200!
Missing character: There is no к in font larm1200!
Missing character: There is no о in font larm1200!
Missing character: There is no в in font larm1200!
Missing character: There is no ы in font larm1200!
Missing character: There is no е in font larm1200!
Missing character: There is no и in font larm1200!
Missing character: There is no м in font larm1200!
Missing character: There is no е in font larm1200!
Missing character: There is no н in font larm1200!
Missing character: There is no а in font larm1200!
Missing character: There is no н in font larm1200!
Missing character: There is no о in font larm1200!
Missing character: There is no н in font larm1200!
Missing character: There is no е in font larm1200!
Missing character: There is no с in font larm1200!
Missing character: There is no о in font larm1200!
Missing character: There is no в in font larm1200!
Missing character: There is no п in font larm1200!
Missing character: There is no а in font larm1200!
Missing character: There is no д in font larm1200!
Missing character: There is no а in font larm1200!
Missing character: There is no ю in font larm1200!
Missing character: There is no щ in font larm1200!
Missing character: There is no и in font larm1200!
Missing character: There is no е in font larm1200!
Missing character: There is no д in font larm1200!
Missing character: There is no а in font larm1200!
Missing character: There is no т in font larm1200!
Missing character: There is no ы in font larm1200!
Missing character: There is no р in font larm1200!
Missing character: There is no о in font larm1200!
Missing character: There is no ж in font larm1200!
Missing character: There is no д in font larm1200!
Missing character: There is no е in font larm1200!
Missing character: There is no н in font larm1200!
Missing character: There is no и in font larm1200!
Missing character: There is no я in font larm1200!
Missing character: There is no Р in font larm1440!
Missing character: There is no е in font larm1440!
Missing character: There is no а in font larm1440!
Missing character: There is no л in font larm1440!
Missing character: There is no и in font larm1440!
Missing character: There is no з in font larm1440!
Missing character: There is no а in font larm1440!
Missing character: There is no ц in font larm1440!
Missing character: There is no и in font larm1440!
Missing character: There is no я in font larm1440!
Missing character: There is no з in font larm1440!
Missing character: There is no а in font larm1440!
Missing character: There is no п in font larm1440!
Missing character: There is no р in font larm1440!
Missing character: There is no о in font larm1440!
Missing character: There is no с in font larm1440!
Missing character: There is no о in font larm1440!
Missing character: There is no в in font larm1440!
Missing character: There is no н in font larm1440!
Missing character: There is no а in font larm1440!

! Package Listings Error: File `code/lab2(.sql)' not found.

Type X to quit or <RETURN> to proceed,
or enter new name. (Default extension: sql)

Enter file name: 
! Emergency stop.
<read *> 
         
l.107 ...inputlisting[language=SQL]{code/lab2.sql}
                                                  ^^M
*** (cannot \read from terminal in nonstop modes)

 
Here is how much of TeX's memory you used:
 4909 strings out of 411547
 80268 string characters out of 5819451
 1845476 words of memory out of 5000000
 25032 multiletter control sequences out of 15000+600000
 517436 words of font info for 45 fonts, out of 8000000 for 9000
 1348 hyphenation exceptions out of 8191
 55i,11n,62p,402b,298s stack positions out of 10000i,1000n,20000p,200000b,200000s
Output written on Database laboratory #2.pdf (1 page).
